<html>
<body>
<pre>
<h1>µVision Build Log</h1>
<h2>Tool Versions:</h2>
IDE-Version: ¦ÌVision V5.24.2.0
Copyright (C) 2017 ARM Ltd and ARM Germany GmbH. All rights reserved.
License Information: luo mo, luomonb, LIC=PE7DL-03B6P-IIH5V-PKFY1-1KVD1-TDBPP
 
Tool Versions:
Toolchain:       MDK-ARM Plus  Version: 5.24.1
Toolchain Path:  E:\Keil_v5\ARM\ARMCC\Bin
C Compiler:      Armcc.exe V5.06 update 5 (build 528)
Assembler:       Armasm.exe V5.06 update 5 (build 528)
Linker/Locator:  ArmLink.exe V5.06 update 5 (build 528)
Library Manager: ArmAr.exe V5.06 update 5 (build 528)
Hex Converter:   FromElf.exe V5.06 update 5 (build 528)
CPU DLL:         SARMCM3.DLL V5.24.1
Dialog DLL:      DCM.DLL V1.16.0.0
Target DLL:      UL2CM3.DLL V1.160.3.0
Dialog DLL:      TCM.DLL V1.32.0.0
 
<h2>Project:</h2>
D:\code\stm32\project.uvprojx
Project File Date:  02/04/2026

<h2>Output:</h2>
*** Using Compiler 'V5.06 update 5 (build 528)', folder: 'E:\Keil_v5\ARM\ARMCC\Bin'
Build target 'Target 1'
Clean started - Project: 'project'
   deleting intermediate output files for target 'Target 1'
compiling core_cm3.c...
assembling startup_stm32f10x_md.s...
compiling system_stm32f10x.c...
compiling stm32f10x_it.c...
compiling main.c...
main.c(40): warning:  #223-D: function "TIM_GetCompare1" declared implicitly
      float left_pwm = PID_Calc(&PID_MotorLeft, target_pwm, TIM_GetCompare1(MOTOR_TIM));
main.c(41): warning:  #223-D: function "TIM_GetCompare2" declared implicitly
      float right_pwm = PID_Calc(&PID_MotorRight, target_pwm, TIM_GetCompare2(MOTOR_TIM));
main.c(85): warning:  #223-D: function "TIM_GetCompare1" declared implicitly
      float left_pwm = PID_Calc(&PID_MotorLeft, target_pwm, TIM_GetCompare1(MOTOR_TIM));
main.c(86): warning:  #223-D: function "TIM_GetCompare2" declared implicitly
      float right_pwm = PID_Calc(&PID_MotorRight, target_pwm, TIM_GetCompare2(MOTOR_TIM));
main.c(240): warning:  #223-D: function "TIM_GetCompare1" declared implicitly
                  left_pwm = PID_Calc(&PID_MotorLeft, current_speed_pwm + 10, TIM_GetCompare1(MOTOR_TIM));
main.c(241): warning:  #223-D: function "TIM_GetCompare2" declared implicitly
                  right_pwm = PID_Calc(&PID_MotorRight, current_speed_pwm, TIM_GetCompare2(MOTOR_TIM));
main.c(246): warning:  #223-D: function "TIM_GetCompare1" declared implicitly
                  left_pwm = PID_Calc(&PID_MotorLeft, current_speed_pwm, TIM_GetCompare1(MOTOR_TIM));
main.c(247): warning:  #223-D: function "TIM_GetCompare2" declared implicitly
                  right_pwm = PID_Calc(&PID_MotorRight, current_speed_pwm + 10, TIM_GetCompare2(MOTOR_TIM));
main.c(252): warning:  #223-D: function "TIM_GetCompare1" declared implicitly
                  left_pwm = PID_Calc(&PID_MotorLeft, current_speed_pwm + 10, TIM_GetCompare1(MOTOR_TIM));
main.c(253): warning:  #223-D: function "TIM_GetCompare2" declared implicitly
                  right_pwm = PID_Calc(&PID_MotorRight, current_speed_pwm, TIM_GetCompare2(MOTOR_TIM));
main.c(257): warning:  #223-D: function "TIM_GetCompare1" declared implicitly
                  left_pwm = PID_Calc(&PID_MotorLeft, current_speed_pwm, TIM_GetCompare1(MOTOR_TIM));
main.c(258): warning:  #223-D: function "TIM_GetCompare2" declared implicitly
                  right_pwm = PID_Calc(&PID_MotorRight, current_speed_pwm, TIM_GetCompare2(MOTOR_TIM));
main.c(288): warning:  #223-D: function "TIM_GetCompare1" declared implicitly
                  left_pwm = PID_Calc(&PID_MotorLeft, current_speed_pwm, TIM_GetCompare1(MOTOR_TIM));
main.c(289): warning:  #223-D: function "TIM_GetCompare2" declared implicitly
                  right_pwm = PID_Calc(&PID_MotorRight, current_speed_pwm + 10, TIM_GetCompare2(MOTOR_TIM));
main.c(294): warning:  #223-D: function "TIM_GetCompare1" declared implicitly
                  left_pwm = PID_Calc(&PID_MotorLeft, current_speed_pwm + 10, TIM_GetCompare1(MOTOR_TIM));
main.c(295): warning:  #223-D: function "TIM_GetCompare2" declared implicitly
                  right_pwm = PID_Calc(&PID_MotorRight, current_speed_pwm, TIM_GetCompare2(MOTOR_TIM));
main.c(300): warning:  #223-D: function "TIM_GetCompare1" declared implicitly
                  left_pwm = PID_Calc(&PID_MotorLeft, current_speed_pwm, TIM_GetCompare1(MOTOR_TIM));
main.c(301): warning:  #223-D: function "TIM_GetCompare2" declared implicitly
                  right_pwm = PID_Calc(&PID_MotorRight, current_speed_pwm + 10, TIM_GetCompare2(MOTOR_TIM));
main.c(305): warning:  #223-D: function "TIM_GetCompare1" declared implicitly
                  left_pwm = PID_Calc(&PID_MotorLeft, current_speed_pwm, TIM_GetCompare1(MOTOR_TIM));
main.c(306): warning:  #223-D: function "TIM_GetCompare2" declared implicitly
                  right_pwm = PID_Calc(&PID_MotorRight, current_speed_pwm, TIM_GetCompare2(MOTOR_TIM));
main.c(333): warning:  #223-D: function "TIM_GetCompare1" declared implicitly
              float left_pwm = PID_Calc(&PID_MotorLeft, current_speed_pwm, TIM_GetCompare1(MOTOR_TIM));
main.c(334): warning:  #223-D: function "TIM_GetCompare2" declared implicitly
              float right_pwm = PID_Calc(&PID_MotorRight, current_speed_pwm, TIM_GetCompare2(MOTOR_TIM));
main.c(360): warning:  #223-D: function "TIM_GetCompare1" declared implicitly
              float left_pwm = PID_Calc(&PID_MotorLeft, current_speed_pwm, TIM_GetCompare1(MOTOR_TIM));
main.c(361): warning:  #223-D: function "TIM_GetCompare2" declared implicitly
              float right_pwm = PID_Calc(&PID_MotorRight, current_speed_pwm, TIM_GetCompare2(MOTOR_TIM));
main.c: 24 warnings, 0 errors
compiling misc.c...
compiling stm32f10x_adc.c...
compiling stm32f10x_bkp.c...
compiling stm32f10x_can.c...
compiling stm32f10x_cec.c...
compiling stm32f10x_crc.c...
compiling stm32f10x_dac.c...
compiling stm32f10x_dbgmcu.c...
compiling stm32f10x_dma.c...
compiling stm32f10x_exti.c...
compiling stm32f10x_flash.c...
compiling stm32f10x_fsmc.c...
compiling stm32f10x_gpio.c...
compiling stm32f10x_i2c.c...
compiling stm32f10x_iwdg.c...
compiling stm32f10x_pwr.c...
compiling stm32f10x_rcc.c...
compiling stm32f10x_rtc.c...
compiling stm32f10x_sdio.c...
compiling stm32f10x_spi.c...
compiling stm32f10x_tim.c...
compiling stm32f10x_usart.c...
compiling stm32f10x_wwdg.c...
compiling pwm.c...
compiling delay.c...
compiling led.c...
compiling oled.c...
oled.c(92): error:  #20: identifier "OLED_F8x16" is undefined
        for (i = 0; i < 8; i++) OLED_WriteData(OLED_F8x16[Char - ' '][i]);
oled.c(94): error:  #20: identifier "OLED_F8x16" is undefined
        for (i = 0; i < 8; i++) OLED_WriteData(OLED_F8x16[Char - ' '][i + 8]);
oled.c(101): error:  #20: identifier "OLED_chinese" is undefined
        for (i = 0; i < 8; i++) OLED_WriteData(OLED_chinese[num][i]);
oled.c(103): error:  #20: identifier "OLED_chinese" is undefined
        for (i = 0; i < 8; i++) OLED_WriteData(OLED_chinese[num][i + 8]);
oled.c: 0 warnings, 4 errors
compiling motor.c...
motor.c(75): warning:  #223-D: function "TIM_GetCompare1" declared implicitly
      float left_pwm = PID_Calc(&PID_MotorLeft, 99, TIM_GetCompare1(MOTOR_TIM));   // ç›®æ ‡PWMå€? - æœ€å¤§é€Ÿåº¦
motor.c(76): warning:  #223-D: function "TIM_GetCompare2" declared implicitly
      float right_pwm = PID_Calc(&PID_MotorRight, 99, TIM_GetCompare2(MOTOR_TIM)); // ç›®æ ‡PWMå€? - æœ€å¤§é€Ÿåº¦
motor.c(101): warning:  #223-D: function "TIM_GetCompare2" declared implicitly
      float right_pwm = PID_Calc(&PID_MotorRight, 50, TIM_GetCompare2(MOTOR_TIM)); // ç›®æ ‡PWMå€? - æ ¹æ®å®žé™…æƒ…å†µè°ƒæ•´
motor.c(122): warning:  #223-D: function "TIM_GetCompare1" declared implicitly
      float left_pwm = PID_Calc(&PID_MotorLeft, 50, TIM_GetCompare1(MOTOR_TIM)); // ç›®æ ‡PWMå€? - æ ¹æ®å®žé™…æƒ…å†µè°ƒæ•´
motor.c: 4 warnings, 0 errors
compiling Ultrasound.c...
compiling IRSensor.c...
compiling PID.c...
".\Objects\project.axf" - 4 Error(s), 28 Warning(s).

*** Performing Cross-Module-Optimization:
*** Feedback file '.\Objects\project.fed' not found.

<h2>Software Packages used:</h2>

Package Vendor: Keil
                https://www.keil.com/pack/Keil.STM32F1xx_DFP.2.4.1.pack
                Keil.STM32F1xx_DFP.2.4.1
                STMicroelectronics STM32F1 Series Device Support, Drivers and Examples

<h2>Collection of Component include folders:</h2>
  .\RTE\_Target_1
  E:\Keil_v5\ARM\PACK\Keil\STM32F1xx_DFP\2.4.1\Device\Include

<h2>Collection of Component Files used:</h2>
Target not created.
Build Time Elapsed:  00:00:06
</pre>
</body>
</html>
